<?xml version="1.0" encoding="UTF-8"?>
<!-- Generated by org.testng.reporters.JUnitReportReporter -->
<testsuite hostname="Dirash10" failures="0" tests="2" name="Dirash_Company.Ecommerce_Framework.OrderTest" time="45.984" errors="0" timestamp="2024-10-16T11:13:43 IST" skipped="0">
  <testcase classname="Dirash_Company.Ecommerce_Framework.OrderTest" name="submitOrder" time="25.668"/>
  <system-out/>
  <testcase classname="Dirash_Company.Ecommerce_Framework.OrderTest" name="submitOrder" time="20.316"/>
  <system-out/>
</testsuite> <!-- Dirash_Company.Ecommerce_Framework.OrderTest -->
