<?xml version="1.0" encoding="UTF-8"?>
<!-- Generated by org.testng.reporters.JUnitReportReporter -->
<testsuite hostname="Dirash10" failures="0" tests="1" name="Dirash_Company.Ecommerce_Framework.ErrorValidations" time="3.257" errors="0" timestamp="2024-10-17T01:05:07 IST" skipped="0">
  <testcase classname="Dirash_Company.Ecommerce_Framework.ErrorValidations" name="submitOrder" time="3.257"/>
  <system-out/>
</testsuite> <!-- Dirash_Company.Ecommerce_Framework.ErrorValidations -->
