<?xml version="1.0" encoding="UTF-8"?>
<!-- Generated by org.testng.reporters.JUnitReportReporter -->
<testsuite hostname="Dirash10" failures="0" tests="1" name="Dirash_Company.Ecommerce_Framework.ErrorValidations" time="4.752" errors="0" timestamp="2024-10-15T11:41:00 IST" skipped="0">
  <testcase classname="Dirash_Company.Ecommerce_Framework.ErrorValidations" name="submitOrder" time="4.752"/>
  <system-out/>
</testsuite> <!-- Dirash_Company.Ecommerce_Framework.ErrorValidations -->
