<?xml version="1.0" encoding="UTF-8"?>
<!-- Generated by org.testng.reporters.JUnitReportReporter -->
<testsuite hostname="Dirash10" failures="0" tests="3" name="Dirash_Company.Ecommerce_Framework.StandAloneTest" time="54.594" errors="0" timestamp="2024-10-16T15:11:00 IST" skipped="0">
  <testcase classname="Dirash_Company.Ecommerce_Framework.StandAloneTest" name="submitOrder" time="21.107"/>
  <system-out/>
  <testcase classname="Dirash_Company.Ecommerce_Framework.StandAloneTest" name="submitOrder" time="28.231"/>
  <system-out/>
  <testcase classname="Dirash_Company.Ecommerce_Framework.StandAloneTest" name="orderHistoryTest" time="5.256"/>
  <system-out/>
</testsuite> <!-- Dirash_Company.Ecommerce_Framework.StandAloneTest -->
