<?xml version="1.0" encoding="UTF-8"?>
<!-- Generated by org.testng.reporters.JUnitReportReporter -->
<testsuite hostname="LEENAAI-BJNX1B3" failures="0" tests="1" name="Dirash_Company.Ecommerce_Framework.StandAloneTest" time="25.969" errors="0" timestamp="2024-10-08T22:58:45 IST" skipped="0">
  <testcase classname="Dirash_Company.Ecommerce_Framework.StandAloneTest" name="submitOrder" time="25.969"/>
</testsuite> <!-- Dirash_Company.Ecommerce_Framework.StandAloneTest -->
